2025-07-05 00:30:59 - INFO - Роутеры успешно зарегистрированы.
- __main__ - main:92

2025-07-05 00:30:59 - INFO - HTTP-сервер для уведомлений запущен на 0.0.0.0:8080
- group_notifications - group_notifications:265

2025-07-05 00:31:13 - ERROR - ВСЕГДА Ошибка сериализации содержимого апдейта 566406626 в JSON: Unable to serialize unknown type: <class 'aiogram.client.default.Default'>
- __main__ - main:176

2025-07-05 00:31:13 - INFO - Пользователь (iwebix_man) 1386593451 отправил контакт: +79787487800
- handlers.start - start:133

2025-07-05 00:31:21 - ERROR - ВСЕГДА Ошибка сериализации содержимого апдейта 566406627 в JSON: Unable to serialize unknown type: <class 'aiogram.client.default.Default'>
- __main__ - main:176

2025-07-05 00:31:21 - INFO - Пользователь 1386593451 (тел: +79787487800) ПОДПИСАН на канал @arhipo_osipovka_eva. iwebix_man
- handlers.start - start:162

2025-07-05 00:31:21 - INFO - Отправка данных на бэкенд https://nas.lounge-place.ru/wifi/submit.php: {'telegram_id': '1386593451', 'phone_number': '79787487800', 'is_subscribed': 'true', 'user_name': 'iwebix_man'}
- backend_client - backend_client:46

2025-07-05 00:31:22 - INFO - Ответ от бэкенда (status: 200): OK
- backend_client - backend_client:52

2025-07-05 00:31:22 - INFO - Данные для telegram_id=1386593451, phone=79787487800 успешно обновлены на бэкенде.
- backend_client - backend_client:55

2025-07-05 00:33:31 - ERROR - Ошибка при обработке апдейта 566406629 диспетчером: Telegram server says - Bad Request: phone number can be requested in private chats only
- __main__ - main:192
Traceback (most recent call last):
  File "/home/ilya/projects/wifi_loungeportal_bot/main.py", line 189, in main
    await dp.feed_update(bot=bot, update=update_obj)
  File "/home/ilya/projects/wifi_loungeportal_bot/venv/lib/python3.12/site-packages/aiogram/dispatcher/dispatcher.py", line 158, in feed_update
    response = await self.update.wrap_outer_middleware(
               ^^^^^^^^^^^^^^^^^^^^^^^^^^^^^^^^^^^^^^^^
  File "/home/ilya/projects/wifi_loungeportal_bot/venv/lib/python3.12/site-packages/aiogram/dispatcher/middlewares/error.py", line 25, in __call__
    return await handler(event, data)
           ^^^^^^^^^^^^^^^^^^^^^^^^^^
  File "/home/ilya/projects/wifi_loungeportal_bot/venv/lib/python3.12/site-packages/aiogram/dispatcher/middlewares/user_context.py", line 56, in __call__
    return await handler(event, data)
           ^^^^^^^^^^^^^^^^^^^^^^^^^^
  File "/home/ilya/projects/wifi_loungeportal_bot/venv/lib/python3.12/site-packages/aiogram/fsm/middleware.py", line 42, in __call__
    return await handler(event, data)
           ^^^^^^^^^^^^^^^^^^^^^^^^^^
  File "/home/ilya/projects/wifi_loungeportal_bot/venv/lib/python3.12/site-packages/aiogram/dispatcher/event/telegram.py", line 121, in trigger
    return await wrapped_inner(event, kwargs)
           ^^^^^^^^^^^^^^^^^^^^^^^^^^^^^^^^^^
  File "/home/ilya/projects/wifi_loungeportal_bot/venv/lib/python3.12/site-packages/aiogram/dispatcher/event/handler.py", line 43, in call
    return await wrapped()
           ^^^^^^^^^^^^^^^
  File "/home/ilya/projects/wifi_loungeportal_bot/venv/lib/python3.12/site-packages/aiogram/dispatcher/dispatcher.py", line 276, in _listen_update
    return await self.propagate_event(update_type=update_type, event=event, **kwargs)
           ^^^^^^^^^^^^^^^^^^^^^^^^^^^^^^^^^^^^^^^^^^^^^^^^^^^^^^^^^^^^^^^^^^^^^^^^^^
  File "/home/ilya/projects/wifi_loungeportal_bot/venv/lib/python3.12/site-packages/aiogram/dispatcher/router.py", line 146, in propagate_event
    return await observer.wrap_outer_middleware(_wrapped, event=event, data=kwargs)
           ^^^^^^^^^^^^^^^^^^^^^^^^^^^^^^^^^^^^^^^^^^^^^^^^^^^^^^^^^^^^^^^^^^^^^^^^
  File "/home/ilya/projects/wifi_loungeportal_bot/venv/lib/python3.12/site-packages/aiogram/dispatcher/router.py", line 141, in _wrapped
    return await self._propagate_event(
           ^^^^^^^^^^^^^^^^^^^^^^^^^^^^
  File "/home/ilya/projects/wifi_loungeportal_bot/venv/lib/python3.12/site-packages/aiogram/dispatcher/router.py", line 174, in _propagate_event
    response = await router.propagate_event(update_type=update_type, event=event, **kwargs)
               ^^^^^^^^^^^^^^^^^^^^^^^^^^^^^^^^^^^^^^^^^^^^^^^^^^^^^^^^^^^^^^^^^^^^^^^^^^^^
  File "/home/ilya/projects/wifi_loungeportal_bot/venv/lib/python3.12/site-packages/aiogram/dispatcher/router.py", line 146, in propagate_event
    return await observer.wrap_outer_middleware(_wrapped, event=event, data=kwargs)
           ^^^^^^^^^^^^^^^^^^^^^^^^^^^^^^^^^^^^^^^^^^^^^^^^^^^^^^^^^^^^^^^^^^^^^^^^
  File "/home/ilya/projects/wifi_loungeportal_bot/venv/lib/python3.12/site-packages/aiogram/dispatcher/router.py", line 141, in _wrapped
    return await self._propagate_event(
           ^^^^^^^^^^^^^^^^^^^^^^^^^^^^
  File "/home/ilya/projects/wifi_loungeportal_bot/venv/lib/python3.12/site-packages/aiogram/dispatcher/router.py", line 166, in _propagate_event
    response = await observer.trigger(event, **kwargs)
               ^^^^^^^^^^^^^^^^^^^^^^^^^^^^^^^^^^^^^^^
  File "/home/ilya/projects/wifi_loungeportal_bot/venv/lib/python3.12/site-packages/aiogram/dispatcher/event/telegram.py", line 121, in trigger
    return await wrapped_inner(event, kwargs)
           ^^^^^^^^^^^^^^^^^^^^^^^^^^^^^^^^^^
  File "/home/ilya/projects/wifi_loungeportal_bot/venv/lib/python3.12/site-packages/aiogram/dispatcher/event/handler.py", line 43, in call
    return await wrapped()
           ^^^^^^^^^^^^^^^
  File "/home/ilya/projects/wifi_loungeportal_bot/handlers/start.py", line 108, in cmd_start
    await message.answer(
  File "/home/ilya/projects/wifi_loungeportal_bot/venv/lib/python3.12/site-packages/aiogram/methods/base.py", line 84, in emit
    return await bot(self)
           ^^^^^^^^^^^^^^^
  File "/home/ilya/projects/wifi_loungeportal_bot/venv/lib/python3.12/site-packages/aiogram/client/bot.py", line 478, in __call__
    return await self.session(self, method, timeout=request_timeout)
           ^^^^^^^^^^^^^^^^^^^^^^^^^^^^^^^^^^^^^^^^^^^^^^^^^^^^^^^^^
  File "/home/ilya/projects/wifi_loungeportal_bot/venv/lib/python3.12/site-packages/aiogram/client/session/base.py", line 254, in __call__
    return cast(TelegramType, await middleware(bot, method))
                              ^^^^^^^^^^^^^^^^^^^^^^^^^^^^^
  File "/home/ilya/projects/wifi_loungeportal_bot/venv/lib/python3.12/site-packages/aiogram/client/session/aiohttp.py", line 185, in make_request
    response = self.check_response(
               ^^^^^^^^^^^^^^^^^^^^
  File "/home/ilya/projects/wifi_loungeportal_bot/venv/lib/python3.12/site-packages/aiogram/client/session/base.py", line 120, in check_response
    raise TelegramBadRequest(method=method, message=description)
aiogram.exceptions.TelegramBadRequest: Telegram server says - Bad Request: phone number can be requested in private chats only
2025-07-05 00:36:51 - INFO - Поллинг отменен (asyncio.CancelledError). Завершение работы...
- __main__ - main:195

2025-07-05 00:36:55 - INFO - Роутеры успешно зарегистрированы.
- __main__ - main:92

2025-07-05 00:36:55 - INFO - HTTP-сервер для уведомлений запущен на 0.0.0.0:8080
- group_notifications - group_notifications:265

2025-07-05 00:37:00 - ERROR - Ошибка при обработке апдейта 566406630 диспетчером: cmd_auth() missing 1 required positional argument: 'regexp'
- __main__ - main:192
Traceback (most recent call last):
  File "/home/ilya/projects/wifi_loungeportal_bot/main.py", line 189, in main
    await dp.feed_update(bot=bot, update=update_obj)
  File "/home/ilya/projects/wifi_loungeportal_bot/venv/lib/python3.12/site-packages/aiogram/dispatcher/dispatcher.py", line 158, in feed_update
    response = await self.update.wrap_outer_middleware(
               ^^^^^^^^^^^^^^^^^^^^^^^^^^^^^^^^^^^^^^^^
  File "/home/ilya/projects/wifi_loungeportal_bot/venv/lib/python3.12/site-packages/aiogram/dispatcher/middlewares/error.py", line 25, in __call__
    return await handler(event, data)
           ^^^^^^^^^^^^^^^^^^^^^^^^^^
  File "/home/ilya/projects/wifi_loungeportal_bot/venv/lib/python3.12/site-packages/aiogram/dispatcher/middlewares/user_context.py", line 56, in __call__
    return await handler(event, data)
           ^^^^^^^^^^^^^^^^^^^^^^^^^^
  File "/home/ilya/projects/wifi_loungeportal_bot/venv/lib/python3.12/site-packages/aiogram/fsm/middleware.py", line 42, in __call__
    return await handler(event, data)
           ^^^^^^^^^^^^^^^^^^^^^^^^^^
  File "/home/ilya/projects/wifi_loungeportal_bot/venv/lib/python3.12/site-packages/aiogram/dispatcher/event/telegram.py", line 121, in trigger
    return await wrapped_inner(event, kwargs)
           ^^^^^^^^^^^^^^^^^^^^^^^^^^^^^^^^^^
  File "/home/ilya/projects/wifi_loungeportal_bot/venv/lib/python3.12/site-packages/aiogram/dispatcher/event/handler.py", line 43, in call
    return await wrapped()
           ^^^^^^^^^^^^^^^
  File "/home/ilya/projects/wifi_loungeportal_bot/venv/lib/python3.12/site-packages/aiogram/dispatcher/dispatcher.py", line 276, in _listen_update
    return await self.propagate_event(update_type=update_type, event=event, **kwargs)
           ^^^^^^^^^^^^^^^^^^^^^^^^^^^^^^^^^^^^^^^^^^^^^^^^^^^^^^^^^^^^^^^^^^^^^^^^^^
  File "/home/ilya/projects/wifi_loungeportal_bot/venv/lib/python3.12/site-packages/aiogram/dispatcher/router.py", line 146, in propagate_event
    return await observer.wrap_outer_middleware(_wrapped, event=event, data=kwargs)
           ^^^^^^^^^^^^^^^^^^^^^^^^^^^^^^^^^^^^^^^^^^^^^^^^^^^^^^^^^^^^^^^^^^^^^^^^
  File "/home/ilya/projects/wifi_loungeportal_bot/venv/lib/python3.12/site-packages/aiogram/dispatcher/router.py", line 141, in _wrapped
    return await self._propagate_event(
           ^^^^^^^^^^^^^^^^^^^^^^^^^^^^
  File "/home/ilya/projects/wifi_loungeportal_bot/venv/lib/python3.12/site-packages/aiogram/dispatcher/router.py", line 174, in _propagate_event
    response = await router.propagate_event(update_type=update_type, event=event, **kwargs)
               ^^^^^^^^^^^^^^^^^^^^^^^^^^^^^^^^^^^^^^^^^^^^^^^^^^^^^^^^^^^^^^^^^^^^^^^^^^^^
  File "/home/ilya/projects/wifi_loungeportal_bot/venv/lib/python3.12/site-packages/aiogram/dispatcher/router.py", line 146, in propagate_event
    return await observer.wrap_outer_middleware(_wrapped, event=event, data=kwargs)
           ^^^^^^^^^^^^^^^^^^^^^^^^^^^^^^^^^^^^^^^^^^^^^^^^^^^^^^^^^^^^^^^^^^^^^^^^
  File "/home/ilya/projects/wifi_loungeportal_bot/venv/lib/python3.12/site-packages/aiogram/dispatcher/router.py", line 141, in _wrapped
    return await self._propagate_event(
           ^^^^^^^^^^^^^^^^^^^^^^^^^^^^
  File "/home/ilya/projects/wifi_loungeportal_bot/venv/lib/python3.12/site-packages/aiogram/dispatcher/router.py", line 166, in _propagate_event
    response = await observer.trigger(event, **kwargs)
               ^^^^^^^^^^^^^^^^^^^^^^^^^^^^^^^^^^^^^^^
  File "/home/ilya/projects/wifi_loungeportal_bot/venv/lib/python3.12/site-packages/aiogram/dispatcher/event/telegram.py", line 121, in trigger
    return await wrapped_inner(event, kwargs)
           ^^^^^^^^^^^^^^^^^^^^^^^^^^^^^^^^^^
  File "/home/ilya/projects/wifi_loungeportal_bot/venv/lib/python3.12/site-packages/aiogram/dispatcher/event/handler.py", line 43, in call
    return await wrapped()
                 ^^^^^^^^^
TypeError: cmd_auth() missing 1 required positional argument: 'regexp'
2025-07-05 00:37:54 - ERROR - Ошибка при обработке апдейта 566406633 диспетчером: cmd_auth() missing 1 required positional argument: 'regexp'
- __main__ - main:192
Traceback (most recent call last):
  File "/home/ilya/projects/wifi_loungeportal_bot/main.py", line 189, in main
    await dp.feed_update(bot=bot, update=update_obj)
  File "/home/ilya/projects/wifi_loungeportal_bot/venv/lib/python3.12/site-packages/aiogram/dispatcher/dispatcher.py", line 158, in feed_update
    response = await self.update.wrap_outer_middleware(
               ^^^^^^^^^^^^^^^^^^^^^^^^^^^^^^^^^^^^^^^^
  File "/home/ilya/projects/wifi_loungeportal_bot/venv/lib/python3.12/site-packages/aiogram/dispatcher/middlewares/error.py", line 25, in __call__
    return await handler(event, data)
           ^^^^^^^^^^^^^^^^^^^^^^^^^^
  File "/home/ilya/projects/wifi_loungeportal_bot/venv/lib/python3.12/site-packages/aiogram/dispatcher/middlewares/user_context.py", line 56, in __call__
    return await handler(event, data)
           ^^^^^^^^^^^^^^^^^^^^^^^^^^
  File "/home/ilya/projects/wifi_loungeportal_bot/venv/lib/python3.12/site-packages/aiogram/fsm/middleware.py", line 42, in __call__
    return await handler(event, data)
           ^^^^^^^^^^^^^^^^^^^^^^^^^^
  File "/home/ilya/projects/wifi_loungeportal_bot/venv/lib/python3.12/site-packages/aiogram/dispatcher/event/telegram.py", line 121, in trigger
    return await wrapped_inner(event, kwargs)
           ^^^^^^^^^^^^^^^^^^^^^^^^^^^^^^^^^^
  File "/home/ilya/projects/wifi_loungeportal_bot/venv/lib/python3.12/site-packages/aiogram/dispatcher/event/handler.py", line 43, in call
    return await wrapped()
           ^^^^^^^^^^^^^^^
  File "/home/ilya/projects/wifi_loungeportal_bot/venv/lib/python3.12/site-packages/aiogram/dispatcher/dispatcher.py", line 276, in _listen_update
    return await self.propagate_event(update_type=update_type, event=event, **kwargs)
           ^^^^^^^^^^^^^^^^^^^^^^^^^^^^^^^^^^^^^^^^^^^^^^^^^^^^^^^^^^^^^^^^^^^^^^^^^^
  File "/home/ilya/projects/wifi_loungeportal_bot/venv/lib/python3.12/site-packages/aiogram/dispatcher/router.py", line 146, in propagate_event
    return await observer.wrap_outer_middleware(_wrapped, event=event, data=kwargs)
           ^^^^^^^^^^^^^^^^^^^^^^^^^^^^^^^^^^^^^^^^^^^^^^^^^^^^^^^^^^^^^^^^^^^^^^^^
  File "/home/ilya/projects/wifi_loungeportal_bot/venv/lib/python3.12/site-packages/aiogram/dispatcher/router.py", line 141, in _wrapped
    return await self._propagate_event(
           ^^^^^^^^^^^^^^^^^^^^^^^^^^^^
  File "/home/ilya/projects/wifi_loungeportal_bot/venv/lib/python3.12/site-packages/aiogram/dispatcher/router.py", line 174, in _propagate_event
    response = await router.propagate_event(update_type=update_type, event=event, **kwargs)
               ^^^^^^^^^^^^^^^^^^^^^^^^^^^^^^^^^^^^^^^^^^^^^^^^^^^^^^^^^^^^^^^^^^^^^^^^^^^^
  File "/home/ilya/projects/wifi_loungeportal_bot/venv/lib/python3.12/site-packages/aiogram/dispatcher/router.py", line 146, in propagate_event
    return await observer.wrap_outer_middleware(_wrapped, event=event, data=kwargs)
           ^^^^^^^^^^^^^^^^^^^^^^^^^^^^^^^^^^^^^^^^^^^^^^^^^^^^^^^^^^^^^^^^^^^^^^^^
  File "/home/ilya/projects/wifi_loungeportal_bot/venv/lib/python3.12/site-packages/aiogram/dispatcher/router.py", line 141, in _wrapped
    return await self._propagate_event(
           ^^^^^^^^^^^^^^^^^^^^^^^^^^^^
  File "/home/ilya/projects/wifi_loungeportal_bot/venv/lib/python3.12/site-packages/aiogram/dispatcher/router.py", line 166, in _propagate_event
    response = await observer.trigger(event, **kwargs)
               ^^^^^^^^^^^^^^^^^^^^^^^^^^^^^^^^^^^^^^^
  File "/home/ilya/projects/wifi_loungeportal_bot/venv/lib/python3.12/site-packages/aiogram/dispatcher/event/telegram.py", line 121, in trigger
    return await wrapped_inner(event, kwargs)
           ^^^^^^^^^^^^^^^^^^^^^^^^^^^^^^^^^^
  File "/home/ilya/projects/wifi_loungeportal_bot/venv/lib/python3.12/site-packages/aiogram/dispatcher/event/handler.py", line 43, in call
    return await wrapped()
                 ^^^^^^^^^
TypeError: cmd_auth() missing 1 required positional argument: 'regexp'
2025-07-05 00:40:04 - INFO - Поллинг отменен (asyncio.CancelledError). Завершение работы...
- __main__ - main:195

2025-07-05 00:40:08 - INFO - Роутеры успешно зарегистрированы.
- __main__ - main:92

2025-07-05 00:40:08 - INFO - HTTP-сервер для уведомлений запущен на 0.0.0.0:8080
- group_notifications - group_notifications:271

2025-07-05 00:40:12 - INFO - Привязка обновлена: 112233 → -1002852741974
- group_notifications - group_notifications:135

2025-07-05 00:40:47 - ERROR - ВСЕГДА Ошибка сериализации содержимого апдейта 566406637 в JSON: Unable to serialize unknown type: <class 'aiogram.client.default.Default'>
- __main__ - main:176

2025-07-05 00:40:47 - INFO - Пользователь (iwebix_man) 1386593451 отправил контакт: +79787487800
- handlers.start - start:133

2025-07-05 00:40:48 - ERROR - ВСЕГДА Ошибка сериализации содержимого апдейта 566406638 в JSON: Unable to serialize unknown type: <class 'aiogram.client.default.Default'>
- __main__ - main:176

2025-07-05 00:40:48 - INFO - Пользователь 1386593451 (тел: +79787487800) ПОДПИСАН на канал @arhipo_osipovka_eva. iwebix_man
- handlers.start - start:162

2025-07-05 00:40:48 - INFO - Отправка данных на бэкенд https://nas.lounge-place.ru/wifi/submit.php: {'telegram_id': '1386593451', 'phone_number': '79787487800', 'is_subscribed': 'true', 'user_name': 'iwebix_man'}
- backend_client - backend_client:46

2025-07-05 00:40:49 - INFO - Ответ от бэкенда (status: 200): OK
- backend_client - backend_client:52

2025-07-05 00:40:49 - INFO - Данные для telegram_id=1386593451, phone=79787487800 успешно обновлены на бэкенде.
- backend_client - backend_client:55

2025-07-05 00:46:06 - INFO - Поллинг отменен (asyncio.CancelledError). Завершение работы...
- __main__ - main:195

2025-07-05 00:46:29 - INFO - Роутеры успешно зарегистрированы.
- __main__ - main:92

2025-07-05 00:46:29 - INFO - HTTP-сервер для уведомлений запущен на 0.0.0.0:8080
- group_notifications - group_notifications:283

2025-07-05 00:46:40 - INFO - Поллинг отменен (asyncio.CancelledError). Завершение работы...
- __main__ - main:195

2025-07-05 00:46:40 - ERROR - Unclosed client session
client_session: <aiohttp.client.ClientSession object at 0x7f57bf73dc10>
- asyncio - base_events:1821

2025-07-05 00:46:43 - INFO - Роутеры успешно зарегистрированы.
- __main__ - main:92

2025-07-05 00:46:43 - INFO - HTTP-сервер для уведомлений запущен на 0.0.0.0:8080
- group_notifications - group_notifications:283

2025-07-05 00:46:45 - INFO - Поллинг отменен (asyncio.CancelledError). Завершение работы...
- __main__ - main:195

2025-07-05 00:46:45 - ERROR - Unclosed client session
client_session: <aiohttp.client.ClientSession object at 0x7f13b5df9850>
- asyncio - base_events:1821

2025-07-05 00:46:49 - INFO - Роутеры успешно зарегистрированы.
- __main__ - main:92

2025-07-05 00:46:49 - INFO - HTTP-сервер для уведомлений запущен на 0.0.0.0:8080
- group_notifications - group_notifications:283

2025-07-05 00:50:52 - INFO - Поллинг отменен (asyncio.CancelledError). Завершение работы...
- __main__ - main:195

2025-07-05 00:50:52 - ERROR - Unclosed client session
client_session: <aiohttp.client.ClientSession object at 0x7fa32ef463c0>
- asyncio - base_events:1821

2025-07-05 00:50:58 - INFO - Роутеры успешно зарегистрированы.
- __main__ - main:92

2025-07-05 00:50:58 - INFO - HTTP-сервер для уведомлений запущен на 0.0.0.0:8080
- group_notifications - group_notifications:295

2025-07-05 00:55:22 - INFO - Поллинг отменен (asyncio.CancelledError). Завершение работы...
- __main__ - main:195

2025-07-05 00:55:26 - INFO - Роутеры успешно зарегистрированы.
- __main__ - main:92

2025-07-05 00:55:26 - INFO - HTTP-сервер для уведомлений запущен на 0.0.0.0:8080
- group_notifications - group_notifications:295

2025-07-05 00:59:57 - INFO - Поллинг отменен (asyncio.CancelledError). Завершение работы...
- __main__ - main:195

2025-07-05 01:00:02 - INFO - Роутеры успешно зарегистрированы.
- __main__ - main:92

2025-07-05 01:00:02 - INFO - HTTP-сервер для уведомлений запущен на 0.0.0.0:8080
- group_notifications - group_notifications:295

2025-07-05 01:01:15 - ERROR - ВСЕГДА Ошибка сериализации содержимого апдейта 566406652 в JSON: Unable to serialize unknown type: <class 'aiogram.client.default.Default'>
- __main__ - main:176

2025-07-05 01:01:15 - INFO - Пользователь (iwebix_man) 1386593451 отправил контакт: +79787487800
- handlers.start - start:133

2025-07-05 01:01:19 - ERROR - ВСЕГДА Ошибка сериализации содержимого апдейта 566406653 в JSON: Unable to serialize unknown type: <class 'aiogram.client.default.Default'>
- __main__ - main:176

2025-07-05 01:01:20 - INFO - Пользователь 1386593451 (тел: +79787487800) ПОДПИСАН на канал @arhipo_osipovka_eva. iwebix_man
- handlers.start - start:162

2025-07-05 01:01:20 - INFO - Отправка данных на бэкенд https://nas.lounge-place.ru/wifi/submit.php: {'telegram_id': '1386593451', 'phone_number': '79787487800', 'is_subscribed': 'true', 'user_name': 'iwebix_man'}
- backend_client - backend_client:46

2025-07-05 01:01:21 - INFO - Ответ от бэкенда (status: 200): OK
- backend_client - backend_client:52

2025-07-05 01:01:21 - INFO - Данные для telegram_id=1386593451, phone=79787487800 успешно обновлены на бэкенде.
- backend_client - backend_client:55

2025-07-05 01:01:35 - ERROR - Ошибка при обработке апдейта 566406654 диспетчером: NOT NULL constraint failed: group_auth.chat_id
- __main__ - main:192
Traceback (most recent call last):
  File "/home/ilya/projects/wifi_loungeportal_bot/main.py", line 189, in main
    await dp.feed_update(bot=bot, update=update_obj)
  File "/home/ilya/projects/wifi_loungeportal_bot/venv/lib/python3.12/site-packages/aiogram/dispatcher/dispatcher.py", line 158, in feed_update
    response = await self.update.wrap_outer_middleware(
               ^^^^^^^^^^^^^^^^^^^^^^^^^^^^^^^^^^^^^^^^
  File "/home/ilya/projects/wifi_loungeportal_bot/venv/lib/python3.12/site-packages/aiogram/dispatcher/middlewares/error.py", line 25, in __call__
    return await handler(event, data)
           ^^^^^^^^^^^^^^^^^^^^^^^^^^
  File "/home/ilya/projects/wifi_loungeportal_bot/venv/lib/python3.12/site-packages/aiogram/dispatcher/middlewares/user_context.py", line 56, in __call__
    return await handler(event, data)
           ^^^^^^^^^^^^^^^^^^^^^^^^^^
  File "/home/ilya/projects/wifi_loungeportal_bot/venv/lib/python3.12/site-packages/aiogram/fsm/middleware.py", line 42, in __call__
    return await handler(event, data)
           ^^^^^^^^^^^^^^^^^^^^^^^^^^
  File "/home/ilya/projects/wifi_loungeportal_bot/venv/lib/python3.12/site-packages/aiogram/dispatcher/event/telegram.py", line 121, in trigger
    return await wrapped_inner(event, kwargs)
           ^^^^^^^^^^^^^^^^^^^^^^^^^^^^^^^^^^
  File "/home/ilya/projects/wifi_loungeportal_bot/venv/lib/python3.12/site-packages/aiogram/dispatcher/event/handler.py", line 43, in call
    return await wrapped()
           ^^^^^^^^^^^^^^^
  File "/home/ilya/projects/wifi_loungeportal_bot/venv/lib/python3.12/site-packages/aiogram/dispatcher/dispatcher.py", line 276, in _listen_update
    return await self.propagate_event(update_type=update_type, event=event, **kwargs)
           ^^^^^^^^^^^^^^^^^^^^^^^^^^^^^^^^^^^^^^^^^^^^^^^^^^^^^^^^^^^^^^^^^^^^^^^^^^
  File "/home/ilya/projects/wifi_loungeportal_bot/venv/lib/python3.12/site-packages/aiogram/dispatcher/router.py", line 146, in propagate_event
    return await observer.wrap_outer_middleware(_wrapped, event=event, data=kwargs)
           ^^^^^^^^^^^^^^^^^^^^^^^^^^^^^^^^^^^^^^^^^^^^^^^^^^^^^^^^^^^^^^^^^^^^^^^^
  File "/home/ilya/projects/wifi_loungeportal_bot/venv/lib/python3.12/site-packages/aiogram/dispatcher/router.py", line 141, in _wrapped
    return await self._propagate_event(
           ^^^^^^^^^^^^^^^^^^^^^^^^^^^^
  File "/home/ilya/projects/wifi_loungeportal_bot/venv/lib/python3.12/site-packages/aiogram/dispatcher/router.py", line 174, in _propagate_event
    response = await router.propagate_event(update_type=update_type, event=event, **kwargs)
               ^^^^^^^^^^^^^^^^^^^^^^^^^^^^^^^^^^^^^^^^^^^^^^^^^^^^^^^^^^^^^^^^^^^^^^^^^^^^
  File "/home/ilya/projects/wifi_loungeportal_bot/venv/lib/python3.12/site-packages/aiogram/dispatcher/router.py", line 146, in propagate_event
    return await observer.wrap_outer_middleware(_wrapped, event=event, data=kwargs)
           ^^^^^^^^^^^^^^^^^^^^^^^^^^^^^^^^^^^^^^^^^^^^^^^^^^^^^^^^^^^^^^^^^^^^^^^^
  File "/home/ilya/projects/wifi_loungeportal_bot/venv/lib/python3.12/site-packages/aiogram/dispatcher/router.py", line 141, in _wrapped
    return await self._propagate_event(
           ^^^^^^^^^^^^^^^^^^^^^^^^^^^^
  File "/home/ilya/projects/wifi_loungeportal_bot/venv/lib/python3.12/site-packages/aiogram/dispatcher/router.py", line 166, in _propagate_event
    response = await observer.trigger(event, **kwargs)
               ^^^^^^^^^^^^^^^^^^^^^^^^^^^^^^^^^^^^^^^
  File "/home/ilya/projects/wifi_loungeportal_bot/venv/lib/python3.12/site-packages/aiogram/dispatcher/event/telegram.py", line 121, in trigger
    return await wrapped_inner(event, kwargs)
           ^^^^^^^^^^^^^^^^^^^^^^^^^^^^^^^^^^
  File "/home/ilya/projects/wifi_loungeportal_bot/venv/lib/python3.12/site-packages/aiogram/dispatcher/event/handler.py", line 43, in call
    return await wrapped()
           ^^^^^^^^^^^^^^^
  File "/home/ilya/projects/wifi_loungeportal_bot/group_notifications.py", line 314, in cmd_generate_token
    _insert_token(token)
  File "/home/ilya/projects/wifi_loungeportal_bot/group_notifications.py", line 73, in _insert_token
    _exec_sql(f"INSERT INTO group_auth(code) VALUES ({_PH})", (token,))
  File "/home/ilya/projects/wifi_loungeportal_bot/group_notifications.py", line 131, in _exec_sql
    cur.execute(query, params)
sqlite3.IntegrityError: NOT NULL constraint failed: group_auth.chat_id
2025-07-05 01:02:47 - INFO - Поллинг отменен (asyncio.CancelledError). Завершение работы...
- __main__ - main:195

2025-07-05 01:02:53 - INFO - Роутеры успешно зарегистрированы.
- __main__ - main:92

2025-07-05 01:02:53 - INFO - HTTP-сервер для уведомлений запущен на 0.0.0.0:8080
- group_notifications - group_notifications:299

2025-07-05 01:41:19 - INFO - Поллинг отменен (asyncio.CancelledError). Завершение работы...
- __main__ - main:195

